<?xml version="1.0" encoding="UTF-8"?>
<coverage generated="1566285225757" clover="3.2.0">
  <project timestamp="1566285225757" name="All files">
    <metrics statements="55" coveredstatements="29" conditionals="16" coveredconditionals="7" methods="12" coveredmethods="2" elements="83" coveredelements="38" complexity="0" loc="55" ncloc="55" packages="3" files="5" classes="5">
      <package name="src">
        <metrics statements="10" coveredstatements="0" conditionals="0" coveredconditionals="0" methods="4" coveredmethods="0"/>
        <file name="App.vue" path="E:\data\vue\训练营\day2\vue-cascader\src\App.vue">
          <metrics statements="10" coveredstatements="0" conditionals="0" coveredconditionals="0" methods="4" coveredmethods="0"/>
          <line num="12" count="0" type="stmt"/>
          <line num="13" count="0" type="stmt"/>
          <line num="15" count="0" type="stmt"/>
          <line num="16" count="0" type="stmt"/>
          <line num="17" count="0" type="stmt"/>
          <line num="18" count="0" type="stmt"/>
          <line num="28" count="0" type="stmt"/>
          <line num="89" count="0" type="stmt"/>
          <line num="104" count="0" type="stmt"/>
          <line num="105" count="0" type="stmt"/>
        </file>
      </package>
      <package name="src.components">
        <metrics statements="39" coveredstatements="27" conditionals="12" coveredconditionals="7" methods="7" coveredmethods="2"/>
        <file name="Cascader.vue" path="E:\data\vue\训练营\day2\vue-cascader\src\components\Cascader.vue">
          <metrics statements="25" coveredstatements="25" conditionals="8" coveredconditionals="7" methods="4" coveredmethods="2"/>
          <line num="21" count="1" type="stmt"/>
          <line num="22" count="1" type="stmt"/>
          <line num="23" count="1" type="stmt"/>
          <line num="32" count="3" type="stmt"/>
          <line num="36" count="2" type="stmt"/>
          <line num="40" count="3" type="stmt"/>
          <line num="53" count="3" type="stmt"/>
          <line num="58" count="3" type="stmt"/>
          <line num="61" count="3" type="stmt"/>
          <line num="62" count="3" type="stmt"/>
          <line num="64" count="3" type="stmt"/>
          <line num="65" count="8" type="cond" truecount="2" falsecount="0"/>
          <line num="66" count="6" type="cond" truecount="2" falsecount="0"/>
          <line num="67" count="4" type="stmt"/>
          <line num="70" count="2" type="stmt"/>
          <line num="73" count="3" type="cond" truecount="2" falsecount="0"/>
          <line num="74" count="2" type="stmt"/>
          <line num="75" count="2" type="stmt"/>
          <line num="80" count="1" type="stmt"/>
          <line num="81" count="1" type="stmt"/>
          <line num="82" count="1" type="cond" truecount="1" falsecount="1"/>
          <line num="84" count="1" type="stmt"/>
          <line num="86" count="1" type="stmt"/>
          <line num="89" count="1" type="stmt"/>
          <line num="92" count="1" type="stmt"/>
        </file>
        <file name="CascaderItem.vue" path="E:\data\vue\训练营\day2\vue-cascader\src\components\CascaderItem.vue">
          <metrics statements="13" coveredstatements="1" conditionals="4" coveredconditionals="0" methods="3" coveredmethods="0"/>
          <line num="19" count="1" type="stmt"/>
          <line num="28" count="0" type="stmt"/>
          <line num="32" count="0" type="stmt"/>
          <line num="36" count="0" type="stmt"/>
          <line num="47" count="0" type="cond" truecount="0" falsecount="4"/>
          <line num="48" count="0" type="stmt"/>
          <line num="49" count="0" type="stmt"/>
          <line num="58" count="0" type="stmt"/>
          <line num="62" count="0" type="stmt"/>
          <line num="65" count="0" type="stmt"/>
          <line num="66" count="0" type="stmt"/>
          <line num="67" count="0" type="stmt"/>
          <line num="68" count="0" type="stmt"/>
        </file>
        <file name="HelloWorld.vue" path="E:\data\vue\训练营\day2\vue-cascader\src\components\HelloWorld.vue">
          <metrics statements="1" coveredstatements="1" conditionals="0" coveredconditionals="0" methods="0" coveredmethods="0"/>
          <line num="11" count="1" type="stmt"/>
        </file>
      </package>
      <package name="src.directives">
        <metrics statements="6" coveredstatements="2" conditionals="4" coveredconditionals="0" methods="1" coveredmethods="0"/>
        <file name="clickOutside.js" path="E:\data\vue\训练营\day2\vue-cascader\src\directives\clickOutside.js">
          <metrics statements="6" coveredstatements="2" conditionals="4" coveredconditionals="0" methods="1" coveredmethods="0"/>
          <line num="5" count="3" type="stmt"/>
          <line num="6" count="0" type="cond" truecount="0" falsecount="4"/>
          <line num="7" count="0" type="stmt"/>
          <line num="9" count="0" type="stmt"/>
          <line num="11" count="3" type="stmt"/>
          <line num="14" count="0" type="stmt"/>
        </file>
      </package>
    </metrics>
  </project>
</coverage>
