{"E:\\data\\vue\\训练营\\day2\\vue-cascader\\src\\App.vue": {"path":"E:\\data\\vue\\训练营\\day2\\vue-cascader\\src\\App.vue","statementMap":{"0":{"start":{"line":12,"column":0},"end":{"line":null,"column":-1}},"1":{"start":{"line":13,"column":0},"end":{"line":null,"column":-1}},"2":{"start":{"line":15,"column":0},"end":{"line":21,"column":0}},"3":{"start":{"line":16,"column":0},"end":{"line":20,"column":0}},"4":{"start":{"line":17,"column":0},"end":{"line":19,"column":0}},"5":{"start":{"line":18,"column":0},"end":{"line":null,"column":-1}},"6":{"start":{"line":28,"column":0},"end":{"line":null,"column":-1}},"7":{"start":{"line":89,"column":0},"end":{"line":null,"column":-1}},"8":{"start":{"line":104,"column":0},"end":{"line":null,"column":-1}},"9":{"start":{"line":105,"column":0},"end":{"line":null,"column":-1}}},"fnMap":{"0":{"name":"(anonymous_1)","decl":{"start":{"line":15,"column":0},"end":{"line":null,"column":-1}},"loc":{"start":{"line":15,"column":0},"end":{"line":21,"column":0}}},"1":{"name":"(anonymous_2)","decl":{"start":{"line":16,"column":0},"end":{"line":null,"column":-1}},"loc":{"start":{"line":16,"column":0},"end":{"line":20,"column":0}}},"2":{"name":"(anonymous_3)","decl":{"start":{"line":17,"column":0},"end":{"line":null,"column":-1}},"loc":{"start":{"line":17,"column":0},"end":{"line":19,"column":0}}},"3":{"name":"(anonymous_4)","decl":{"start":{"line":18,"column":0},"end":{"line":null,"column":-1}},"loc":{"start":{"line":18,"column":0},"end":{"line":null,"column":-1}}}},"branchMap":{},"s":{"0":0,"1":0,"2":0,"3":0,"4":0,"5":0,"6":0,"7":0,"8":0,"9":0},"f":{"0":0,"1":0,"2":0,"3":0},"b":{}}
,"E:\\data\\vue\\训练营\\day2\\vue-cascader\\src\\components\\Cascader.vue": {"path":"E:\\data\\vue\\训练营\\day2\\vue-cascader\\src\\components\\Cascader.vue","statementMap":{"0":{"start":{"line":21,"column":0},"end":{"line":null,"column":-1}},"1":{"start":{"line":22,"column":0},"end":{"line":null,"column":-1}},"2":{"start":{"line":23,"column":0},"end":{"line":null,"column":-1}},"3":{"start":{"line":32,"column":0},"end":{"line":null,"column":-1}},"4":{"start":{"line":36,"column":0},"end":{"line":null,"column":-1}},"5":{"start":{"line":40,"column":0},"end":{"line":null,"column":-1}},"6":{"start":{"line":53,"column":0},"end":{"line":null,"column":-1}},"7":{"start":{"line":58,"column":0},"end":{"line":null,"column":-1}},"8":{"start":{"line":61,"column":0},"end":{"line":null,"column":-1}},"9":{"start":{"line":62,"column":0},"end":{"line":null,"column":-1}},"10":{"start":{"line":64,"column":0},"end":{"line":72,"column":0}},"11":{"start":{"line":65,"column":0},"end":{"line":71,"column":0}},"12":{"start":{"line":66,"column":0},"end":{"line":68,"column":0}},"13":{"start":{"line":67,"column":0},"end":{"line":null,"column":-1}},"14":{"start":{"line":70,"column":0},"end":{"line":null,"column":-1}},"15":{"start":{"line":73,"column":0},"end":{"line":76,"column":0}},"16":{"start":{"line":74,"column":0},"end":{"line":null,"column":-1}},"17":{"start":{"line":75,"column":0},"end":{"line":null,"column":-1}},"18":{"start":{"line":80,"column":0},"end":{"line":null,"column":-1}},"19":{"start":{"line":81,"column":0},"end":{"line":null,"column":-1}},"20":{"start":{"line":82,"column":0},"end":{"line":85,"column":0}},"21":{"start":{"line":84,"column":0},"end":{"line":null,"column":-1}},"22":{"start":{"line":86,"column":0},"end":{"line":null,"column":-1}},"23":{"start":{"line":89,"column":0},"end":{"line":null,"column":-1}},"24":{"start":{"line":92,"column":0},"end":{"line":null,"column":-1}}},"fnMap":{"0":{"name":"(anonymous_1)","decl":{"start":{"line":32,"column":0},"end":{"line":null,"column":-1}},"loc":{"start":{"line":32,"column":0},"end":{"line":null,"column":-1}}},"1":{"name":"(anonymous_2)","decl":{"start":{"line":36,"column":0},"end":{"line":null,"column":-1}},"loc":{"start":{"line":36,"column":0},"end":{"line":null,"column":-1}}},"2":{"name":"(anonymous_3)","decl":{"start":{"line":53,"column":0},"end":{"line":null,"column":-1}},"loc":{"start":{"line":53,"column":0},"end":{"line":null,"column":-1}}},"3":{"name":"(anonymous_4)","decl":{"start":{"line":84,"column":0},"end":{"line":null,"column":-1}},"loc":{"start":{"line":84,"column":0},"end":{"line":null,"column":-1}}}},"branchMap":{"0":{"loc":{"start":{"line":65,"column":0},"end":{"line":71,"column":0}},"type":"if","locations":[{"start":{"line":65,"column":0},"end":{"line":71,"column":0}},{"start":{"line":65,"column":0},"end":{"line":71,"column":0}}]},"1":{"loc":{"start":{"line":66,"column":0},"end":{"line":68,"column":0}},"type":"if","locations":[{"start":{"line":66,"column":0},"end":{"line":68,"column":0}},{"start":{"line":66,"column":0},"end":{"line":68,"column":0}}]},"2":{"loc":{"start":{"line":73,"column":0},"end":{"line":76,"column":0}},"type":"if","locations":[{"start":{"line":73,"column":0},"end":{"line":76,"column":0}},{"start":{"line":73,"column":0},"end":{"line":76,"column":0}}]},"3":{"loc":{"start":{"line":82,"column":0},"end":{"line":85,"column":0}},"type":"if","locations":[{"start":{"line":82,"column":0},"end":{"line":85,"column":0}},{"start":{"line":82,"column":0},"end":{"line":85,"column":0}}]}},"s":{"0":1,"1":1,"2":1,"3":3,"4":2,"5":3,"6":3,"7":3,"8":3,"9":3,"10":3,"11":8,"12":6,"13":4,"14":2,"15":3,"16":2,"17":2,"18":1,"19":1,"20":1,"21":1,"22":1,"23":1,"24":1},"f":{"0":3,"1":2,"2":0,"3":0},"b":{"0":[6,2],"1":[4,2],"2":[2,1],"3":[1,0]}}
,"E:\\data\\vue\\训练营\\day2\\vue-cascader\\src\\components\\CascaderItem.vue": {"path":"E:\\data\\vue\\训练营\\day2\\vue-cascader\\src\\components\\CascaderItem.vue","statementMap":{"0":{"start":{"line":19,"column":0},"end":{"line":null,"column":-1}},"1":{"start":{"line":28,"column":0},"end":{"line":null,"column":-1}},"2":{"start":{"line":32,"column":0},"end":{"line":null,"column":-1}},"3":{"start":{"line":36,"column":0},"end":{"line":null,"column":-1}},"4":{"start":{"line":47,"column":0},"end":{"line":50,"column":0}},"5":{"start":{"line":48,"column":0},"end":{"line":null,"column":-1}},"6":{"start":{"line":49,"column":0},"end":{"line":null,"column":-1}},"7":{"start":{"line":58,"column":0},"end":{"line":null,"column":-1}},"8":{"start":{"line":62,"column":0},"end":{"line":null,"column":-1}},"9":{"start":{"line":65,"column":0},"end":{"line":null,"column":-1}},"10":{"start":{"line":66,"column":0},"end":{"line":null,"column":-1}},"11":{"start":{"line":67,"column":0},"end":{"line":null,"column":-1}},"12":{"start":{"line":68,"column":0},"end":{"line":null,"column":-1}}},"fnMap":{"0":{"name":"(anonymous_1)","decl":{"start":{"line":28,"column":0},"end":{"line":null,"column":-1}},"loc":{"start":{"line":28,"column":0},"end":{"line":null,"column":-1}}},"1":{"name":"(anonymous_2)","decl":{"start":{"line":32,"column":0},"end":{"line":null,"column":-1}},"loc":{"start":{"line":32,"column":0},"end":{"line":null,"column":-1}}},"2":{"name":"(anonymous_3)","decl":{"start":{"line":48,"column":0},"end":{"line":null,"column":-1}},"loc":{"start":{"line":48,"column":0},"end":{"line":null,"column":-1}}}},"branchMap":{"0":{"loc":{"start":{"line":47,"column":0},"end":{"line":50,"column":0}},"type":"if","locations":[{"start":{"line":47,"column":0},"end":{"line":50,"column":0}},{"start":{"line":47,"column":0},"end":{"line":50,"column":0}}]},"1":{"loc":{"start":{"line":47,"column":0},"end":{"line":null,"column":-1}},"type":"binary-expr","locations":[{"start":{"line":47,"column":0},"end":{"line":null,"column":-1}},{"start":{"line":47,"column":0},"end":{"line":null,"column":-1}}]}},"s":{"0":1,"1":0,"2":0,"3":0,"4":0,"5":0,"6":0,"7":0,"8":0,"9":0,"10":0,"11":0,"12":0},"f":{"0":0,"1":0,"2":0},"b":{"0":[0,0],"1":[0,0]}}
,"E:\\data\\vue\\训练营\\day2\\vue-cascader\\src\\components\\HelloWorld.vue": {"path":"E:\\data\\vue\\训练营\\day2\\vue-cascader\\src\\components\\HelloWorld.vue","statementMap":{"0":{"start":{"line":11,"column":0},"end":{"line":null,"column":-1}}},"fnMap":{},"branchMap":{},"s":{"0":1},"f":{},"b":{}}
,"E:\\data\\vue\\训练营\\day2\\vue-cascader\\src\\directives\\clickOutside.js": {"path":"E:\\data\\vue\\训练营\\day2\\vue-cascader\\src\\directives\\clickOutside.js","statementMap":{"0":{"start":{"line":5,"column":12},"end":{"line":10,"column":14}},"1":{"start":{"line":6,"column":16},"end":{"line":8,"column":17}},"2":{"start":{"line":7,"column":20},"end":{"line":7,"column":27}},"3":{"start":{"line":9,"column":16},"end":{"line":9,"column":33}},"4":{"start":{"line":11,"column":12},"end":{"line":11,"column":60}},"5":{"start":{"line":14,"column":12},"end":{"line":14,"column":63}}},"fnMap":{"0":{"name":"listener","decl":{"start":{"line":5,"column":35},"end":{"line":5,"column":43}},"loc":{"start":{"line":5,"column":47},"end":{"line":10,"column":13}},"line":5}},"branchMap":{"0":{"loc":{"start":{"line":6,"column":16},"end":{"line":8,"column":17}},"type":"if","locations":[{"start":{"line":6,"column":16},"end":{"line":8,"column":17}},{"start":{"line":6,"column":16},"end":{"line":8,"column":17}}],"line":6},"1":{"loc":{"start":{"line":6,"column":20},"end":{"line":6,"column":60}},"type":"binary-expr","locations":[{"start":{"line":6,"column":20},"end":{"line":6,"column":35}},{"start":{"line":6,"column":39},"end":{"line":6,"column":60}}],"line":6}},"s":{"0":3,"1":0,"2":0,"3":0,"4":3,"5":0},"f":{"0":0},"b":{"0":[0,0],"1":[0,0]},"_coverageSchema":"332fd63041d2c1bcb487cc26dd0d5f7d97098a6c","hash":"0bb88015730fffae7b50f4e4838427d302e12030"}
}
