TN:
SF:E:\data\vue\训练营\day2\vue-cascader\src\App.vue
FN:15,(anonymous_1)
FN:16,(anonymous_2)
FN:17,(anonymous_3)
FN:18,(anonymous_4)
FNF:4
FNH:0
FNDA:0,(anonymous_1)
FNDA:0,(anonymous_2)
FNDA:0,(anonymous_3)
FNDA:0,(anonymous_4)
DA:12,0
DA:13,0
DA:15,0
DA:16,0
DA:17,0
DA:18,0
DA:28,0
DA:89,0
DA:104,0
DA:105,0
LF:10
LH:0
BRF:0
BRH:0
end_of_record
TN:
SF:E:\data\vue\训练营\day2\vue-cascader\src\components\Cascader.vue
FN:32,(anonymous_1)
FN:36,(anonymous_2)
FN:53,(anonymous_3)
FN:84,(anonymous_4)
FNF:4
FNH:2
FNDA:3,(anonymous_1)
FNDA:2,(anonymous_2)
FNDA:0,(anonymous_3)
FNDA:0,(anonymous_4)
DA:21,1
DA:22,1
DA:23,1
DA:32,3
DA:36,2
DA:40,3
DA:53,3
DA:58,3
DA:61,3
DA:62,3
DA:64,3
DA:65,8
DA:66,6
DA:67,4
DA:70,2
DA:73,3
DA:74,2
DA:75,2
DA:80,1
DA:81,1
DA:82,1
DA:84,1
DA:86,1
DA:89,1
DA:92,1
LF:25
LH:25
BRDA:65,0,0,6
BRDA:65,0,1,2
BRDA:66,1,0,4
BRDA:66,1,1,2
BRDA:73,2,0,2
BRDA:73,2,1,1
BRDA:82,3,0,1
BRDA:82,3,1,0
BRF:8
BRH:7
end_of_record
TN:
SF:E:\data\vue\训练营\day2\vue-cascader\src\components\CascaderItem.vue
FN:28,(anonymous_1)
FN:32,(anonymous_2)
FN:48,(anonymous_3)
FNF:3
FNH:0
FNDA:0,(anonymous_1)
FNDA:0,(anonymous_2)
FNDA:0,(anonymous_3)
DA:19,1
DA:28,0
DA:32,0
DA:36,0
DA:47,0
DA:48,0
DA:49,0
DA:58,0
DA:62,0
DA:65,0
DA:66,0
DA:67,0
DA:68,0
LF:13
LH:1
BRDA:47,0,0,0
BRDA:47,0,1,0
BRDA:47,1,0,0
BRDA:47,1,1,0
BRF:4
BRH:0
end_of_record
TN:
SF:E:\data\vue\训练营\day2\vue-cascader\src\components\HelloWorld.vue
FNF:0
FNH:0
DA:11,1
LF:1
LH:1
BRF:0
BRH:0
end_of_record
TN:
SF:E:\data\vue\训练营\day2\vue-cascader\src\directives\clickOutside.js
FN:5,listener
FNF:1
FNH:0
FNDA:0,listener
DA:5,3
DA:6,0
DA:7,0
DA:9,0
DA:11,3
DA:14,0
LF:6
LH:2
BRDA:6,0,0,0
BRDA:6,0,1,0
BRDA:6,1,0,0
BRDA:6,1,1,0
BRF:4
BRH:0
end_of_record
